  stdafx.cpp
  Password Hashing.c
d:\4. samarth\programming\github\password_testing\password hashing\password hashing.c(29): warning C4996: 'scanf': This function or variable may be unsafe. Consider using scanf_s instead. To disable deprecation, use _CRT_SECURE_NO_WARNINGS. See online help for details.
  c:\program files (x86)\windows kits\10\include\10.0.10240.0\ucrt\stdio.h(1270): note: see declaration of 'scanf'
d:\4. samarth\programming\github\password_testing\password hashing\password hashing.c(37): warning C4996: 'getch': The POSIX name for this item is deprecated. Instead, use the ISO C and C++ conformant name: _getch. See online help for details.
  c:\program files (x86)\windows kits\10\include\10.0.10240.0\ucrt\conio.h(452): note: see declaration of 'getch'
d:\4. samarth\programming\github\password_testing\password hashing\password hashing.c(44): warning C4996: 'getch': The POSIX name for this item is deprecated. Instead, use the ISO C and C++ conformant name: _getch. See online help for details.
  c:\program files (x86)\windows kits\10\include\10.0.10240.0\ucrt\conio.h(452): note: see declaration of 'getch'
d:\4. samarth\programming\github\password_testing\password hashing\password hashing.c(58): warning C4047: 'function': 'char' differs in levels of indirection from 'char *'
d:\4. samarth\programming\github\password_testing\password hashing\password hashing.c(58): warning C4024: 'write': different types for formal and actual parameter 1
d:\4. samarth\programming\github\password_testing\password hashing\password hashing.c(58): warning C4047: 'function': 'char' differs in levels of indirection from 'char [21]'
d:\4. samarth\programming\github\password_testing\password hashing\password hashing.c(58): warning C4024: 'write': different types for formal and actual parameter 2
d:\4. samarth\programming\github\password_testing\password hashing\password hashing.c(52): warning C4996: 'scanf': This function or variable may be unsafe. Consider using scanf_s instead. To disable deprecation, use _CRT_SECURE_NO_WARNINGS. See online help for details.
  c:\program files (x86)\windows kits\10\include\10.0.10240.0\ucrt\stdio.h(1270): note: see declaration of 'scanf'
d:\4. samarth\programming\github\password_testing\password hashing\password hashing.c(67): warning C4996: 'fopen': This function or variable may be unsafe. Consider using fopen_s instead. To disable deprecation, use _CRT_SECURE_NO_WARNINGS. See online help for details.
  c:\program files (x86)\windows kits\10\include\10.0.10240.0\ucrt\stdio.h(205): note: see declaration of 'fopen'
d:\4. samarth\programming\github\password_testing\password hashing\password hashing.c(111): warning C4996: 'scanf': This function or variable may be unsafe. Consider using scanf_s instead. To disable deprecation, use _CRT_SECURE_NO_WARNINGS. See online help for details.
  c:\program files (x86)\windows kits\10\include\10.0.10240.0\ucrt\stdio.h(1270): note: see declaration of 'scanf'
d:\4. samarth\programming\github\password_testing\password hashing\password hashing.c(118): warning C4996: 'getch': The POSIX name for this item is deprecated. Instead, use the ISO C and C++ conformant name: _getch. See online help for details.
  c:\program files (x86)\windows kits\10\include\10.0.10240.0\ucrt\conio.h(452): note: see declaration of 'getch'
d:\4. samarth\programming\github\password_testing\password hashing\password hashing.c(151): warning C4047: 'function': 'unsigned char *' differs in levels of indirection from 'char (*)[17]'
d:\4. samarth\programming\github\password_testing\password hashing\password hashing.c(151): warning C4024: 'hash': different types for formal and actual parameter 1
d:\4. samarth\programming\github\password_testing\password hashing\password hashing.c(152): warning C4133: 'return': incompatible types - from 'unsigned long [65]' to 'char *'
d:\4. samarth\programming\github\password_testing\password hashing\password hashing.c(133): warning C4996: 'getch': The POSIX name for this item is deprecated. Instead, use the ISO C and C++ conformant name: _getch. See online help for details.
  c:\program files (x86)\windows kits\10\include\10.0.10240.0\ucrt\conio.h(452): note: see declaration of 'getch'
d:\4. samarth\programming\github\password_testing\password hashing\password hashing.c(156): warning C4028: formal parameter 1 different from declaration
d:\4. samarth\programming\github\password_testing\password hashing\password hashing.c(156): warning C4028: formal parameter 2 different from declaration
d:\4. samarth\programming\github\password_testing\password hashing\password hashing.c(158): warning C4996: 'fopen': This function or variable may be unsafe. Consider using fopen_s instead. To disable deprecation, use _CRT_SECURE_NO_WARNINGS. See online help for details.
  c:\program files (x86)\windows kits\10\include\10.0.10240.0\ucrt\stdio.h(205): note: see declaration of 'fopen'
d:\4. samarth\programming\github\password_testing\password hashing\password hashing.c(187): warning C4133: 'function': incompatible types - from 'unsigned long [65]' to 'const char *'
d:\4. samarth\programming\github\password_testing\password hashing\password hashing.c(167): warning C4996: 'fopen': This function or variable may be unsafe. Consider using fopen_s instead. To disable deprecation, use _CRT_SECURE_NO_WARNINGS. See online help for details.
  c:\program files (x86)\windows kits\10\include\10.0.10240.0\ucrt\stdio.h(205): note: see declaration of 'fopen'
d:\4. samarth\programming\github\password_testing\password hashing\password hashing.c(104): warning C4715: 'user_check': not all control paths return a value
  Password Hashing.vcxproj -> D:\4. Samarth\Programming\GitHub\Password_testing\Debug\Password Hashing.exe
  Password Hashing.vcxproj -> D:\4. Samarth\Programming\GitHub\Password_testing\Debug\Password Hashing.pdb (Partial PDB)
